2018-10-16 15:50:44.457  INFO 7783 --- [main] c.y.s.s.SpringbootDemo1Application       : Starting SpringbootDemo1Application on host-155-246-203-201.dhcp.stevens-tech.edu with PID 7783 (/Users/Roy/Desktop/GitHubRepos/SpringBoot/springboot-demo1/target/classes started by Roy in /Users/Roy/Desktop/GitHubRepos/SpringBoot/springboot-demo1)
2018-10-16 15:50:44.460 DEBUG 7783 --- [main] c.y.s.s.SpringbootDemo1Application       : Running with Spring Boot v2.0.5.RELEASE, Spring v5.0.9.RELEASE
2018-10-16 15:50:44.462  INFO 7783 --- [main] c.y.s.s.SpringbootDemo1Application       : No active profile set, falling back to default profiles: default
2018-10-16 15:50:45.857  INFO 7783 --- [main] c.y.s.s.SpringbootDemo1Application       : Started SpringbootDemo1Application in 1.66 seconds (JVM running for 2.098)
2018-10-16 15:54:32.354  INFO 7817 --- [main] c.y.s.s.SpringbootDemo1Application       : Starting SpringbootDemo1Application on host-155-246-203-201.dhcp.stevens-tech.edu with PID 7817 (/Users/Roy/Desktop/GitHubRepos/SpringBoot/springboot-demo1/target/classes started by Roy in /Users/Roy/Desktop/GitHubRepos/SpringBoot/springboot-demo1)
2018-10-16 15:54:32.356 DEBUG 7817 --- [main] c.y.s.s.SpringbootDemo1Application       : Running with Spring Boot v2.0.5.RELEASE, Spring v5.0.9.RELEASE
2018-10-16 15:54:32.358  INFO 7817 --- [main] c.y.s.s.SpringbootDemo1Application       : No active profile set, falling back to default profiles: default
2018-10-16 15:54:33.753  INFO 7817 --- [main] c.y.s.s.SpringbootDemo1Application       : Started SpringbootDemo1Application in 1.667 seconds (JVM running for 2.104)
2018-10-16 15:56:55.868  INFO 7834 --- [main] c.y.s.s.SpringbootDemo1Application       : Starting SpringbootDemo1Application on host-155-246-203-201.dhcp.stevens-tech.edu with PID 7834 (/Users/Roy/Desktop/GitHubRepos/SpringBoot/springboot-demo1/target/classes started by Roy in /Users/Roy/Desktop/GitHubRepos/SpringBoot/springboot-demo1)
2018-10-16 15:56:55.871 DEBUG 7834 --- [main] c.y.s.s.SpringbootDemo1Application       : Running with Spring Boot v2.0.5.RELEASE, Spring v5.0.9.RELEASE
2018-10-16 15:56:55.872  INFO 7834 --- [main] c.y.s.s.SpringbootDemo1Application       : No active profile set, falling back to default profiles: default
2018-10-16 15:56:57.320  INFO 7834 --- [main] c.y.s.s.SpringbootDemo1Application       : Started SpringbootDemo1Application in 1.768 seconds (JVM running for 2.211)
2018-10-16 15:57:24.912  INFO 7840 --- [main] c.y.s.s.SpringbootDemo1Application       : Starting SpringbootDemo1Application on host-155-246-203-201.dhcp.stevens-tech.edu with PID 7840 (/Users/Roy/Desktop/GitHubRepos/SpringBoot/springboot-demo1/target/classes started by Roy in /Users/Roy/Desktop/GitHubRepos/SpringBoot/springboot-demo1)
2018-10-16 15:57:24.915 DEBUG 7840 --- [main] c.y.s.s.SpringbootDemo1Application       : Running with Spring Boot v2.0.5.RELEASE, Spring v5.0.9.RELEASE
2018-10-16 15:57:24.917  INFO 7840 --- [main] c.y.s.s.SpringbootDemo1Application       : No active profile set, falling back to default profiles: default
2018-10-16 15:57:26.309  INFO 7840 --- [main] c.y.s.s.SpringbootDemo1Application       : Started SpringbootDemo1Application in 1.701 seconds (JVM running for 2.157)
2018-10-16 15:58:51.059  INFO 7854 --- [main] c.y.s.s.SpringbootDemo1Application       : Starting SpringbootDemo1Application on host-155-246-203-201.dhcp.stevens-tech.edu with PID 7854 (/Users/Roy/Desktop/GitHubRepos/SpringBoot/springboot-demo1/target/classes started by Roy in /Users/Roy/Desktop/GitHubRepos/SpringBoot/springboot-demo1)
2018-10-16 15:58:51.062 DEBUG 7854 --- [main] c.y.s.s.SpringbootDemo1Application       : Running with Spring Boot v2.0.5.RELEASE, Spring v5.0.9.RELEASE
2018-10-16 15:58:51.063  INFO 7854 --- [main] c.y.s.s.SpringbootDemo1Application       : No active profile set, falling back to default profiles: default
2018-10-16 15:58:52.473  INFO 7854 --- [main] c.y.s.s.SpringbootDemo1Application       : Started SpringbootDemo1Application in 1.721 seconds (JVM running for 2.172)
2018-10-16 16:05:18.974  INFO 7895 --- [main] c.y.s.s.SpringbootDemo1Application       : Starting SpringbootDemo1Application on host-155-246-203-201.dhcp.stevens-tech.edu with PID 7895 (/Users/Roy/Desktop/GitHubRepos/SpringBoot/springboot-demo1/target/classes started by Roy in /Users/Roy/Desktop/GitHubRepos/SpringBoot/springboot-demo1)
2018-10-16 16:05:18.976 DEBUG 7895 --- [main] c.y.s.s.SpringbootDemo1Application       : Running with Spring Boot v2.0.5.RELEASE, Spring v5.0.9.RELEASE
2018-10-16 16:05:18.977  INFO 7895 --- [main] c.y.s.s.SpringbootDemo1Application       : No active profile set, falling back to default profiles: default
2018-10-16 16:05:20.403  INFO 7895 --- [main] c.y.s.s.SpringbootDemo1Application       : Started SpringbootDemo1Application in 1.721 seconds (JVM running for 2.167)
2018-10-16 16:09:04.972  INFO 7922 --- [main] c.y.s.s.SpringbootDemo1Application       : Starting SpringbootDemo1Application on host-155-246-203-201.dhcp.stevens-tech.edu with PID 7922 (/Users/Roy/Desktop/GitHubRepos/SpringBoot/springboot-demo1/target/classes started by Roy in /Users/Roy/Desktop/GitHubRepos/SpringBoot/springboot-demo1)
2018-10-16 16:09:04.974 DEBUG 7922 --- [main] c.y.s.s.SpringbootDemo1Application       : Running with Spring Boot v2.0.5.RELEASE, Spring v5.0.9.RELEASE
2018-10-16 16:09:04.976  INFO 7922 --- [main] c.y.s.s.SpringbootDemo1Application       : No active profile set, falling back to default profiles: default
2018-10-16 16:09:06.402  INFO 7922 --- [main] c.y.s.s.SpringbootDemo1Application       : Started SpringbootDemo1Application in 1.729 seconds (JVM running for 2.172)
2018-10-16 16:10:04.576  INFO 7931 --- [main] c.y.s.s.SpringbootDemo1Application       : Starting SpringbootDemo1Application on host-155-246-203-201.dhcp.stevens-tech.edu with PID 7931 (/Users/Roy/Desktop/GitHubRepos/SpringBoot/springboot-demo1/target/classes started by Roy in /Users/Roy/Desktop/GitHubRepos/SpringBoot/springboot-demo1)
2018-10-16 16:10:04.578 DEBUG 7931 --- [main] c.y.s.s.SpringbootDemo1Application       : Running with Spring Boot v2.0.5.RELEASE, Spring v5.0.9.RELEASE
2018-10-16 16:10:04.579  INFO 7931 --- [main] c.y.s.s.SpringbootDemo1Application       : No active profile set, falling back to default profiles: default
2018-10-16 16:10:06.021  INFO 7931 --- [main] c.y.s.s.SpringbootDemo1Application       : Started SpringbootDemo1Application in 1.745 seconds (JVM running for 2.199)
2018-10-16 16:10:37.288  INFO 7937 --- [main] c.y.s.s.SpringbootDemo1Application       : Starting SpringbootDemo1Application on host-155-246-203-201.dhcp.stevens-tech.edu with PID 7937 (/Users/Roy/Desktop/GitHubRepos/SpringBoot/springboot-demo1/target/classes started by Roy in /Users/Roy/Desktop/GitHubRepos/SpringBoot/springboot-demo1)
2018-10-16 16:10:37.291 DEBUG 7937 --- [main] c.y.s.s.SpringbootDemo1Application       : Running with Spring Boot v2.0.5.RELEASE, Spring v5.0.9.RELEASE
2018-10-16 16:10:37.292  INFO 7937 --- [main] c.y.s.s.SpringbootDemo1Application       : No active profile set, falling back to default profiles: default
2018-10-16 16:10:38.702  INFO 7937 --- [main] c.y.s.s.SpringbootDemo1Application       : Started SpringbootDemo1Application in 1.702 seconds (JVM running for 2.147)
2018-10-16 16:18:51.184  INFO 7996 --- [main] c.y.s.s.SpringbootDemo1Application       : Starting SpringbootDemo1Application on host-155-246-203-201.dhcp.stevens-tech.edu with PID 7996 (/Users/Roy/Desktop/GitHubRepos/SpringBoot/springboot-demo1/target/classes started by Roy in /Users/Roy/Desktop/GitHubRepos/SpringBoot/springboot-demo1)
2018-10-16 16:18:51.186 DEBUG 7996 --- [main] c.y.s.s.SpringbootDemo1Application       : Running with Spring Boot v2.0.5.RELEASE, Spring v5.0.9.RELEASE
2018-10-16 16:18:51.187  INFO 7996 --- [main] c.y.s.s.SpringbootDemo1Application       : No active profile set, falling back to default profiles: default
2018-10-16 16:18:52.546  INFO 7996 --- [main] c.y.s.s.SpringbootDemo1Application       : Started SpringbootDemo1Application in 1.718 seconds (JVM running for 2.288)
2018-10-16 16:19:01.389 ERROR 7996 --- [http-nio-8080-exec-2] org.thymeleaf.TemplateEngine             : [THYMELEAF][http-nio-8080-exec-2] Exception processing template "api/v1/books/30": Error resolving template "api/v1/books/30", template might not exist or might not be accessible by any of the configured Template Resolvers

org.thymeleaf.exceptions.TemplateInputException: Error resolving template "api/v1/books/30", template might not exist or might not be accessible by any of the configured Template Resolvers
	at org.thymeleaf.engine.TemplateManager.resolveTemplate(TemplateManager.java:870) ~[thymeleaf-3.0.9.RELEASE.jar:3.0.9.RELEASE]
	at org.thymeleaf.engine.TemplateManager.parseAndProcess(TemplateManager.java:607) ~[thymeleaf-3.0.9.RELEASE.jar:3.0.9.RELEASE]
	at org.thymeleaf.TemplateEngine.process(TemplateEngine.java:1098) [thymeleaf-3.0.9.RELEASE.jar:3.0.9.RELEASE]
	at org.thymeleaf.TemplateEngine.process(TemplateEngine.java:1072) [thymeleaf-3.0.9.RELEASE.jar:3.0.9.RELEASE]
	at org.thymeleaf.spring5.view.ThymeleafView.renderFragment(ThymeleafView.java:354) [thymeleaf-spring5-3.0.9.RELEASE.jar:3.0.9.RELEASE]
	at org.thymeleaf.spring5.view.ThymeleafView.render(ThymeleafView.java:187) [thymeleaf-spring5-3.0.9.RELEASE.jar:3.0.9.RELEASE]
	at org.springframework.web.servlet.DispatcherServlet.render(DispatcherServlet.java:1325) [spring-webmvc-5.0.9.RELEASE.jar:5.0.9.RELEASE]
	at org.springframework.web.servlet.DispatcherServlet.processDispatchResult(DispatcherServlet.java:1069) [spring-webmvc-5.0.9.RELEASE.jar:5.0.9.RELEASE]
	at org.springframework.web.servlet.DispatcherServlet.doDispatch(DispatcherServlet.java:1008) [spring-webmvc-5.0.9.RELEASE.jar:5.0.9.RELEASE]
	at org.springframework.web.servlet.DispatcherServlet.doService(DispatcherServlet.java:925) [spring-webmvc-5.0.9.RELEASE.jar:5.0.9.RELEASE]
	at org.springframework.web.servlet.FrameworkServlet.processRequest(FrameworkServlet.java:974) [spring-webmvc-5.0.9.RELEASE.jar:5.0.9.RELEASE]
	at org.springframework.web.servlet.FrameworkServlet.doGet(FrameworkServlet.java:866) [spring-webmvc-5.0.9.RELEASE.jar:5.0.9.RELEASE]
	at javax.servlet.http.HttpServlet.service(HttpServlet.java:635) [tomcat-embed-core-8.5.34.jar:8.5.34]
	at org.springframework.web.servlet.FrameworkServlet.service(FrameworkServlet.java:851) [spring-webmvc-5.0.9.RELEASE.jar:5.0.9.RELEASE]
	at javax.servlet.http.HttpServlet.service(HttpServlet.java:742) [tomcat-embed-core-8.5.34.jar:8.5.34]
	at org.apache.catalina.core.ApplicationFilterChain.internalDoFilter(ApplicationFilterChain.java:231) [tomcat-embed-core-8.5.34.jar:8.5.34]
	at org.apache.catalina.core.ApplicationFilterChain.doFilter(ApplicationFilterChain.java:166) [tomcat-embed-core-8.5.34.jar:8.5.34]
	at org.apache.tomcat.websocket.server.WsFilter.doFilter(WsFilter.java:52) [tomcat-embed-websocket-8.5.34.jar:8.5.34]
	at org.apache.catalina.core.ApplicationFilterChain.internalDoFilter(ApplicationFilterChain.java:193) [tomcat-embed-core-8.5.34.jar:8.5.34]
	at org.apache.catalina.core.ApplicationFilterChain.doFilter(ApplicationFilterChain.java:166) [tomcat-embed-core-8.5.34.jar:8.5.34]
	at org.springframework.web.filter.RequestContextFilter.doFilterInternal(RequestContextFilter.java:99) [spring-web-5.0.9.RELEASE.jar:5.0.9.RELEASE]
	at org.springframework.web.filter.OncePerRequestFilter.doFilter(OncePerRequestFilter.java:107) [spring-web-5.0.9.RELEASE.jar:5.0.9.RELEASE]
	at org.apache.catalina.core.ApplicationFilterChain.internalDoFilter(ApplicationFilterChain.java:193) [tomcat-embed-core-8.5.34.jar:8.5.34]
	at org.apache.catalina.core.ApplicationFilterChain.doFilter(ApplicationFilterChain.java:166) [tomcat-embed-core-8.5.34.jar:8.5.34]
	at org.springframework.web.filter.HttpPutFormContentFilter.doFilterInternal(HttpPutFormContentFilter.java:109) [spring-web-5.0.9.RELEASE.jar:5.0.9.RELEASE]
	at org.springframework.web.filter.OncePerRequestFilter.doFilter(OncePerRequestFilter.java:107) [spring-web-5.0.9.RELEASE.jar:5.0.9.RELEASE]
	at org.apache.catalina.core.ApplicationFilterChain.internalDoFilter(ApplicationFilterChain.java:193) [tomcat-embed-core-8.5.34.jar:8.5.34]
	at org.apache.catalina.core.ApplicationFilterChain.doFilter(ApplicationFilterChain.java:166) [tomcat-embed-core-8.5.34.jar:8.5.34]
	at org.springframework.web.filter.HiddenHttpMethodFilter.doFilterInternal(HiddenHttpMethodFilter.java:93) [spring-web-5.0.9.RELEASE.jar:5.0.9.RELEASE]
	at org.springframework.web.filter.OncePerRequestFilter.doFilter(OncePerRequestFilter.java:107) [spring-web-5.0.9.RELEASE.jar:5.0.9.RELEASE]
	at org.apache.catalina.core.ApplicationFilterChain.internalDoFilter(ApplicationFilterChain.java:193) [tomcat-embed-core-8.5.34.jar:8.5.34]
	at org.apache.catalina.core.ApplicationFilterChain.doFilter(ApplicationFilterChain.java:166) [tomcat-embed-core-8.5.34.jar:8.5.34]
	at org.springframework.web.filter.CharacterEncodingFilter.doFilterInternal(CharacterEncodingFilter.java:200) [spring-web-5.0.9.RELEASE.jar:5.0.9.RELEASE]
	at org.springframework.web.filter.OncePerRequestFilter.doFilter(OncePerRequestFilter.java:107) [spring-web-5.0.9.RELEASE.jar:5.0.9.RELEASE]
	at org.apache.catalina.core.ApplicationFilterChain.internalDoFilter(ApplicationFilterChain.java:193) [tomcat-embed-core-8.5.34.jar:8.5.34]
	at org.apache.catalina.core.ApplicationFilterChain.doFilter(ApplicationFilterChain.java:166) [tomcat-embed-core-8.5.34.jar:8.5.34]
	at org.apache.catalina.core.StandardWrapperValve.invoke(StandardWrapperValve.java:198) [tomcat-embed-core-8.5.34.jar:8.5.34]
	at org.apache.catalina.core.StandardContextValve.invoke(StandardContextValve.java:96) [tomcat-embed-core-8.5.34.jar:8.5.34]
	at org.apache.catalina.authenticator.AuthenticatorBase.invoke(AuthenticatorBase.java:493) [tomcat-embed-core-8.5.34.jar:8.5.34]
	at org.apache.catalina.core.StandardHostValve.invoke(StandardHostValve.java:140) [tomcat-embed-core-8.5.34.jar:8.5.34]
	at org.apache.catalina.valves.ErrorReportValve.invoke(ErrorReportValve.java:81) [tomcat-embed-core-8.5.34.jar:8.5.34]
	at org.apache.catalina.core.StandardEngineValve.invoke(StandardEngineValve.java:87) [tomcat-embed-core-8.5.34.jar:8.5.34]
	at org.apache.catalina.connector.CoyoteAdapter.service(CoyoteAdapter.java:342) [tomcat-embed-core-8.5.34.jar:8.5.34]
	at org.apache.coyote.http11.Http11Processor.service(Http11Processor.java:800) [tomcat-embed-core-8.5.34.jar:8.5.34]
	at org.apache.coyote.AbstractProcessorLight.process(AbstractProcessorLight.java:66) [tomcat-embed-core-8.5.34.jar:8.5.34]
	at org.apache.coyote.AbstractProtocol$ConnectionHandler.process(AbstractProtocol.java:806) [tomcat-embed-core-8.5.34.jar:8.5.34]
	at org.apache.tomcat.util.net.NioEndpoint$SocketProcessor.doRun(NioEndpoint.java:1498) [tomcat-embed-core-8.5.34.jar:8.5.34]
	at org.apache.tomcat.util.net.SocketProcessorBase.run(SocketProcessorBase.java:49) [tomcat-embed-core-8.5.34.jar:8.5.34]
	at java.util.concurrent.ThreadPoolExecutor.runWorker(ThreadPoolExecutor.java:1149) [na:1.8.0_171]
	at java.util.concurrent.ThreadPoolExecutor$Worker.run(ThreadPoolExecutor.java:624) [na:1.8.0_171]
	at org.apache.tomcat.util.threads.TaskThread$WrappingRunnable.run(TaskThread.java:61) [tomcat-embed-core-8.5.34.jar:8.5.34]
	at java.lang.Thread.run(Thread.java:748) [na:1.8.0_171]

2018-10-16 16:19:01.392 ERROR 7996 --- [http-nio-8080-exec-2] o.a.c.c.C.[.[.[/].[dispatcherServlet]    : Servlet.service() for servlet [dispatcherServlet] in context with path [] threw exception [Request processing failed; nested exception is org.thymeleaf.exceptions.TemplateInputException: Error resolving template "api/v1/books/30", template might not exist or might not be accessible by any of the configured Template Resolvers] with root cause

org.thymeleaf.exceptions.TemplateInputException: Error resolving template "api/v1/books/30", template might not exist or might not be accessible by any of the configured Template Resolvers
	at org.thymeleaf.engine.TemplateManager.resolveTemplate(TemplateManager.java:870) ~[thymeleaf-3.0.9.RELEASE.jar:3.0.9.RELEASE]
	at org.thymeleaf.engine.TemplateManager.parseAndProcess(TemplateManager.java:607) ~[thymeleaf-3.0.9.RELEASE.jar:3.0.9.RELEASE]
	at org.thymeleaf.TemplateEngine.process(TemplateEngine.java:1098) ~[thymeleaf-3.0.9.RELEASE.jar:3.0.9.RELEASE]
	at org.thymeleaf.TemplateEngine.process(TemplateEngine.java:1072) ~[thymeleaf-3.0.9.RELEASE.jar:3.0.9.RELEASE]
	at org.thymeleaf.spring5.view.ThymeleafView.renderFragment(ThymeleafView.java:354) ~[thymeleaf-spring5-3.0.9.RELEASE.jar:3.0.9.RELEASE]
	at org.thymeleaf.spring5.view.ThymeleafView.render(ThymeleafView.java:187) ~[thymeleaf-spring5-3.0.9.RELEASE.jar:3.0.9.RELEASE]
	at org.springframework.web.servlet.DispatcherServlet.render(DispatcherServlet.java:1325) ~[spring-webmvc-5.0.9.RELEASE.jar:5.0.9.RELEASE]
	at org.springframework.web.servlet.DispatcherServlet.processDispatchResult(DispatcherServlet.java:1069) ~[spring-webmvc-5.0.9.RELEASE.jar:5.0.9.RELEASE]
	at org.springframework.web.servlet.DispatcherServlet.doDispatch(DispatcherServlet.java:1008) ~[spring-webmvc-5.0.9.RELEASE.jar:5.0.9.RELEASE]
	at org.springframework.web.servlet.DispatcherServlet.doService(DispatcherServlet.java:925) ~[spring-webmvc-5.0.9.RELEASE.jar:5.0.9.RELEASE]
	at org.springframework.web.servlet.FrameworkServlet.processRequest(FrameworkServlet.java:974) ~[spring-webmvc-5.0.9.RELEASE.jar:5.0.9.RELEASE]
	at org.springframework.web.servlet.FrameworkServlet.doGet(FrameworkServlet.java:866) ~[spring-webmvc-5.0.9.RELEASE.jar:5.0.9.RELEASE]
	at javax.servlet.http.HttpServlet.service(HttpServlet.java:635) ~[tomcat-embed-core-8.5.34.jar:8.5.34]
	at org.springframework.web.servlet.FrameworkServlet.service(FrameworkServlet.java:851) ~[spring-webmvc-5.0.9.RELEASE.jar:5.0.9.RELEASE]
	at javax.servlet.http.HttpServlet.service(HttpServlet.java:742) ~[tomcat-embed-core-8.5.34.jar:8.5.34]
	at org.apache.catalina.core.ApplicationFilterChain.internalDoFilter(ApplicationFilterChain.java:231) ~[tomcat-embed-core-8.5.34.jar:8.5.34]
	at org.apache.catalina.core.ApplicationFilterChain.doFilter(ApplicationFilterChain.java:166) ~[tomcat-embed-core-8.5.34.jar:8.5.34]
	at org.apache.tomcat.websocket.server.WsFilter.doFilter(WsFilter.java:52) ~[tomcat-embed-websocket-8.5.34.jar:8.5.34]
	at org.apache.catalina.core.ApplicationFilterChain.internalDoFilter(ApplicationFilterChain.java:193) ~[tomcat-embed-core-8.5.34.jar:8.5.34]
	at org.apache.catalina.core.ApplicationFilterChain.doFilter(ApplicationFilterChain.java:166) ~[tomcat-embed-core-8.5.34.jar:8.5.34]
	at org.springframework.web.filter.RequestContextFilter.doFilterInternal(RequestContextFilter.java:99) ~[spring-web-5.0.9.RELEASE.jar:5.0.9.RELEASE]
	at org.springframework.web.filter.OncePerRequestFilter.doFilter(OncePerRequestFilter.java:107) ~[spring-web-5.0.9.RELEASE.jar:5.0.9.RELEASE]
	at org.apache.catalina.core.ApplicationFilterChain.internalDoFilter(ApplicationFilterChain.java:193) ~[tomcat-embed-core-8.5.34.jar:8.5.34]
	at org.apache.catalina.core.ApplicationFilterChain.doFilter(ApplicationFilterChain.java:166) ~[tomcat-embed-core-8.5.34.jar:8.5.34]
	at org.springframework.web.filter.HttpPutFormContentFilter.doFilterInternal(HttpPutFormContentFilter.java:109) ~[spring-web-5.0.9.RELEASE.jar:5.0.9.RELEASE]
	at org.springframework.web.filter.OncePerRequestFilter.doFilter(OncePerRequestFilter.java:107) ~[spring-web-5.0.9.RELEASE.jar:5.0.9.RELEASE]
	at org.apache.catalina.core.ApplicationFilterChain.internalDoFilter(ApplicationFilterChain.java:193) ~[tomcat-embed-core-8.5.34.jar:8.5.34]
	at org.apache.catalina.core.ApplicationFilterChain.doFilter(ApplicationFilterChain.java:166) ~[tomcat-embed-core-8.5.34.jar:8.5.34]
	at org.springframework.web.filter.HiddenHttpMethodFilter.doFilterInternal(HiddenHttpMethodFilter.java:93) ~[spring-web-5.0.9.RELEASE.jar:5.0.9.RELEASE]
	at org.springframework.web.filter.OncePerRequestFilter.doFilter(OncePerRequestFilter.java:107) ~[spring-web-5.0.9.RELEASE.jar:5.0.9.RELEASE]
	at org.apache.catalina.core.ApplicationFilterChain.internalDoFilter(ApplicationFilterChain.java:193) ~[tomcat-embed-core-8.5.34.jar:8.5.34]
	at org.apache.catalina.core.ApplicationFilterChain.doFilter(ApplicationFilterChain.java:166) ~[tomcat-embed-core-8.5.34.jar:8.5.34]
	at org.springframework.web.filter.CharacterEncodingFilter.doFilterInternal(CharacterEncodingFilter.java:200) ~[spring-web-5.0.9.RELEASE.jar:5.0.9.RELEASE]
	at org.springframework.web.filter.OncePerRequestFilter.doFilter(OncePerRequestFilter.java:107) ~[spring-web-5.0.9.RELEASE.jar:5.0.9.RELEASE]
	at org.apache.catalina.core.ApplicationFilterChain.internalDoFilter(ApplicationFilterChain.java:193) ~[tomcat-embed-core-8.5.34.jar:8.5.34]
	at org.apache.catalina.core.ApplicationFilterChain.doFilter(ApplicationFilterChain.java:166) ~[tomcat-embed-core-8.5.34.jar:8.5.34]
	at org.apache.catalina.core.StandardWrapperValve.invoke(StandardWrapperValve.java:198) ~[tomcat-embed-core-8.5.34.jar:8.5.34]
	at org.apache.catalina.core.StandardContextValve.invoke(StandardContextValve.java:96) [tomcat-embed-core-8.5.34.jar:8.5.34]
	at org.apache.catalina.authenticator.AuthenticatorBase.invoke(AuthenticatorBase.java:493) [tomcat-embed-core-8.5.34.jar:8.5.34]
	at org.apache.catalina.core.StandardHostValve.invoke(StandardHostValve.java:140) [tomcat-embed-core-8.5.34.jar:8.5.34]
	at org.apache.catalina.valves.ErrorReportValve.invoke(ErrorReportValve.java:81) [tomcat-embed-core-8.5.34.jar:8.5.34]
	at org.apache.catalina.core.StandardEngineValve.invoke(StandardEngineValve.java:87) [tomcat-embed-core-8.5.34.jar:8.5.34]
	at org.apache.catalina.connector.CoyoteAdapter.service(CoyoteAdapter.java:342) [tomcat-embed-core-8.5.34.jar:8.5.34]
	at org.apache.coyote.http11.Http11Processor.service(Http11Processor.java:800) [tomcat-embed-core-8.5.34.jar:8.5.34]
	at org.apache.coyote.AbstractProcessorLight.process(AbstractProcessorLight.java:66) [tomcat-embed-core-8.5.34.jar:8.5.34]
	at org.apache.coyote.AbstractProtocol$ConnectionHandler.process(AbstractProtocol.java:806) [tomcat-embed-core-8.5.34.jar:8.5.34]
	at org.apache.tomcat.util.net.NioEndpoint$SocketProcessor.doRun(NioEndpoint.java:1498) [tomcat-embed-core-8.5.34.jar:8.5.34]
	at org.apache.tomcat.util.net.SocketProcessorBase.run(SocketProcessorBase.java:49) [tomcat-embed-core-8.5.34.jar:8.5.34]
	at java.util.concurrent.ThreadPoolExecutor.runWorker(ThreadPoolExecutor.java:1149) [na:1.8.0_171]
	at java.util.concurrent.ThreadPoolExecutor$Worker.run(ThreadPoolExecutor.java:624) [na:1.8.0_171]
	at org.apache.tomcat.util.threads.TaskThread$WrappingRunnable.run(TaskThread.java:61) [tomcat-embed-core-8.5.34.jar:8.5.34]
	at java.lang.Thread.run(Thread.java:748) [na:1.8.0_171]

2018-10-16 16:19:39.570  INFO 8004 --- [main] c.y.s.s.SpringbootDemo1Application       : Starting SpringbootDemo1Application on host-155-246-203-201.dhcp.stevens-tech.edu with PID 8004 (/Users/Roy/Desktop/GitHubRepos/SpringBoot/springboot-demo1/target/classes started by Roy in /Users/Roy/Desktop/GitHubRepos/SpringBoot/springboot-demo1)
2018-10-16 16:19:39.573 DEBUG 8004 --- [main] c.y.s.s.SpringbootDemo1Application       : Running with Spring Boot v2.0.5.RELEASE, Spring v5.0.9.RELEASE
2018-10-16 16:19:39.574  INFO 8004 --- [main] c.y.s.s.SpringbootDemo1Application       : No active profile set, falling back to default profiles: default
2018-10-16 16:19:41.207  INFO 8004 --- [main] c.y.s.s.SpringbootDemo1Application       : Started SpringbootDemo1Application in 1.955 seconds (JVM running for 2.428)
